10/08/2022 01:46:30 PM | INFO | ********* Stard test_login_with_valid_credential ... *********
10/08/2022 01:46:30 PM | INFO | Go to https://www.demo.guru99.com/V4/
10/08/2022 01:46:33 PM | INFO | enter userID
10/08/2022 01:46:34 PM | INFO | enter Password
10/08/2022 01:46:34 PM | INFO | click login button
10/08/2022 01:46:35 PM | INFO | Actual page title is: Guru99 Bank Manager HomePage
10/08/2022 01:46:35 PM | INFO | Expected page title is: Guru99 Bank Manager HomePage
10/08/2022 01:46:35 PM | INFO | Test Case Passed.
10/08/2022 01:57:34 PM | INFO | ********* Stard test_login_with_valid_credential ... *********
10/08/2022 01:57:34 PM | INFO | Go to https://www.demo.guru99.com/V4/
10/08/2022 01:57:38 PM | INFO | enter userID
10/08/2022 01:57:38 PM | INFO | enter Password
10/08/2022 01:57:38 PM | INFO | click login button
10/08/2022 01:57:40 PM | INFO | Actual page title is: Guru99 Bank Manager HomePage
10/08/2022 01:57:40 PM | INFO | Expected page title is: Guru99 Bank Manager HomePage
10/08/2022 01:57:40 PM | INFO | Test Case Passed.
10/08/2022 01:57:41 PM | INFO | ********* Stard test_login_with_invalid_credential ... *********
10/08/2022 01:57:41 PM | INFO | Go to https://www.demo.guru99.com/V4/
10/08/2022 01:57:45 PM | INFO | enter valid userID
10/08/2022 01:57:45 PM | INFO | enter invalid password
10/08/2022 01:57:45 PM | INFO | click login button
10/08/2022 01:57:45 PM | INFO | Actual alert message is: User or Password is not valid
10/08/2022 01:57:45 PM | INFO | accepted alert message
10/08/2022 01:57:45 PM | INFO | Expected alert message is: User or Password is not valid
10/08/2022 01:57:45 PM | INFO | Test Case Passed.
10/08/2022 02:03:15 PM | INFO | ********* Stard test_login_with_valid_credential ... *********
10/08/2022 02:03:15 PM | INFO | Go to https://www.demo.guru99.com/V4/
10/08/2022 02:03:19 PM | INFO | enter userID
10/08/2022 02:03:19 PM | INFO | enter Password
10/08/2022 02:03:19 PM | INFO | click login button
10/08/2022 02:03:21 PM | INFO | Actual page title is: Guru99 Bank Manager HomePage
10/08/2022 02:03:21 PM | INFO | Expected page title is: Guru99 Bank Manager HomePage
10/08/2022 02:03:21 PM | INFO | Test Case Passed.
10/08/2022 02:03:22 PM | INFO | ********* Stard test_login_with_invalid_credential ... *********
10/08/2022 02:03:22 PM | INFO | Go to https://www.demo.guru99.com/V4/
10/08/2022 02:03:25 PM | INFO | enter valid userID
10/08/2022 02:03:25 PM | INFO | enter invalid password
10/08/2022 02:03:25 PM | INFO | click login button
10/08/2022 02:03:26 PM | INFO | Actual alert message is: User or Password is not valid
10/08/2022 02:03:26 PM | INFO | accepted alert message
10/08/2022 02:03:26 PM | INFO | Expected alert message is: User or Password is not valid123
10/08/2022 02:03:27 PM | INFO | Test Case Failed.
10/08/2022 02:04:47 PM | INFO | ********* Stard test_login_with_valid_credential ... *********
10/08/2022 02:04:47 PM | INFO | Go to https://www.demo.guru99.com/V4/
10/08/2022 02:04:53 PM | INFO | enter userID
10/08/2022 02:04:53 PM | INFO | enter Password
10/08/2022 02:04:53 PM | INFO | click login button
10/08/2022 02:04:54 PM | INFO | Actual page title is: Guru99 Bank Manager HomePage
10/08/2022 02:04:54 PM | INFO | Expected page title is: Guru99 Bank Manager HomePage
10/08/2022 02:04:54 PM | INFO | Test Case Passed.
10/08/2022 02:04:56 PM | INFO | ********* Stard test_login_with_invalid_credential ... *********
10/08/2022 02:04:56 PM | INFO | Go to https://www.demo.guru99.com/V4/
10/08/2022 02:04:59 PM | INFO | enter valid userID
10/08/2022 02:04:59 PM | INFO | enter invalid password
10/08/2022 02:04:59 PM | INFO | click login button
10/08/2022 02:05:00 PM | INFO | Actual alert message is: User or Password is not valid
10/08/2022 02:05:00 PM | INFO | accepted alert message
10/08/2022 02:05:00 PM | INFO | Expected alert message is: User or Password is not valid123
10/08/2022 02:05:46 PM | INFO | ********* Stard test_login_with_valid_credential ... *********
10/08/2022 02:05:46 PM | INFO | Go to https://www.demo.guru99.com/V4/
10/08/2022 02:05:50 PM | INFO | enter userID
10/08/2022 02:05:50 PM | INFO | enter Password
10/08/2022 02:05:50 PM | INFO | click login button
10/08/2022 02:05:52 PM | INFO | Actual page title is: Guru99 Bank Manager HomePage
10/08/2022 02:05:52 PM | INFO | Expected page title is: Guru99 Bank Manager HomePage
10/08/2022 02:05:52 PM | INFO | Test Case Passed.
10/08/2022 02:05:53 PM | INFO | ********* Stard test_login_with_invalid_credential ... *********
10/08/2022 02:05:53 PM | INFO | Go to https://www.demo.guru99.com/V4/
10/08/2022 02:05:58 PM | INFO | enter valid userID
10/08/2022 02:05:58 PM | INFO | enter invalid password
10/08/2022 02:05:58 PM | INFO | click login button
10/08/2022 02:05:59 PM | INFO | Actual alert message is: User or Password is not valid
10/08/2022 02:05:59 PM | INFO | accepted alert message
10/08/2022 02:05:59 PM | INFO | Expected alert message is: User or Password is not valid123
10/08/2022 02:07:16 PM | INFO | ********* Stard test_login_with_valid_credential ... *********
10/08/2022 02:07:16 PM | INFO | Go to https://www.demo.guru99.com/V4/
10/08/2022 02:07:19 PM | INFO | enter userID
10/08/2022 02:07:19 PM | INFO | enter Password
10/08/2022 02:07:20 PM | INFO | click login button
10/08/2022 02:07:21 PM | INFO | Actual page title is: Guru99 Bank Manager HomePage
10/08/2022 02:07:21 PM | INFO | Expected page title is: Guru99 Bank Manager HomePage
10/08/2022 02:07:21 PM | INFO | Test Case Passed.
10/08/2022 02:07:23 PM | INFO | ********* Stard test_login_with_invalid_credential ... *********
10/08/2022 02:07:23 PM | INFO | Go to https://www.demo.guru99.com/V4/
10/08/2022 02:07:27 PM | INFO | enter valid userID
10/08/2022 02:07:27 PM | INFO | enter invalid password
10/08/2022 02:07:27 PM | INFO | click login button
10/08/2022 02:07:28 PM | INFO | Actual alert message is: User or Password is not valid
10/08/2022 02:07:28 PM | INFO | accepted alert message
10/08/2022 02:07:28 PM | INFO | Expected alert message is: User or Password is not valid123
10/08/2022 02:09:39 PM | INFO | ********* Stard test_login_with_valid_credential ... *********
10/08/2022 02:09:39 PM | INFO | Go to https://www.demo.guru99.com/V4/
10/08/2022 02:09:43 PM | INFO | enter userID
10/08/2022 02:09:43 PM | INFO | enter Password
10/08/2022 02:09:44 PM | INFO | click login button
10/08/2022 02:09:45 PM | INFO | Actual page title is: Guru99 Bank Manager HomePage
10/08/2022 02:09:45 PM | INFO | Expected page title is: Guru99 Bank Manager HomePage
10/08/2022 02:09:45 PM | INFO | Test Case Passed.
10/08/2022 02:09:46 PM | INFO | ********* Stard test_login_with_invalid_credential ... *********
10/08/2022 02:09:46 PM | INFO | Go to https://www.demo.guru99.com/V4/
10/08/2022 02:09:51 PM | INFO | enter valid userID
10/08/2022 02:09:51 PM | INFO | enter invalid password
10/08/2022 02:09:51 PM | INFO | click login button
10/08/2022 02:09:52 PM | INFO | Actual alert message is: User or Password is not valid
10/08/2022 02:09:52 PM | INFO | accepted alert message
10/08/2022 02:09:52 PM | INFO | Expected alert message is: User or Password is not valid123
10/08/2022 02:10:25 PM | INFO | ********* Stard test_login_with_valid_credential ... *********
10/08/2022 02:10:25 PM | INFO | Go to https://www.demo.guru99.com/V4/
10/08/2022 02:10:29 PM | INFO | enter userID
10/08/2022 02:10:29 PM | INFO | enter Password
10/08/2022 02:10:30 PM | INFO | click login button
10/08/2022 02:10:32 PM | INFO | Actual page title is: Guru99 Bank Manager HomePage
10/08/2022 02:10:32 PM | INFO | Expected page title is: Guru99 Bank Manager HomePage
10/08/2022 02:10:32 PM | INFO | Test Case Passed.
10/08/2022 02:10:33 PM | INFO | ********* Stard test_login_with_invalid_credential ... *********
10/08/2022 02:10:33 PM | INFO | Go to https://www.demo.guru99.com/V4/
10/08/2022 02:10:36 PM | INFO | enter valid userID
10/08/2022 02:10:37 PM | INFO | enter invalid password
10/08/2022 02:10:37 PM | INFO | click login button
10/08/2022 02:10:37 PM | INFO | Actual alert message is: User or Password is not valid
10/08/2022 02:10:37 PM | INFO | accepted alert message
10/08/2022 02:10:37 PM | INFO | Expected alert message is: User or Password is not valid123
10/08/2022 02:11:16 PM | INFO | ********* Stard test_login_with_valid_credential ... *********
10/08/2022 02:11:16 PM | INFO | Go to https://www.demo.guru99.com/V4/
10/08/2022 02:11:20 PM | INFO | enter userID
10/08/2022 02:11:20 PM | INFO | enter Password
10/08/2022 02:11:20 PM | INFO | click login button
10/08/2022 02:11:22 PM | INFO | Actual page title is: Guru99 Bank Manager HomePage
10/08/2022 02:11:22 PM | INFO | Expected page title is: Guru99 Bank Manager HomePage
10/08/2022 02:11:22 PM | INFO | Test Case Passed.
10/08/2022 02:11:24 PM | INFO | ********* Stard test_login_with_invalid_credential ... *********
10/08/2022 02:11:24 PM | INFO | Go to https://www.demo.guru99.com/V4/
10/08/2022 02:11:27 PM | INFO | enter valid userID
10/08/2022 02:11:28 PM | INFO | enter invalid password
10/08/2022 02:11:28 PM | INFO | click login button
10/08/2022 02:11:28 PM | INFO | Actual alert message is: User or Password is not valid
10/08/2022 02:11:28 PM | INFO | accepted alert message
10/08/2022 02:11:28 PM | INFO | Expected alert message is: User or Password is not valid123
10/08/2022 02:11:30 PM | INFO | Test Case Failed.
10/08/2022 02:12:05 PM | INFO | ********* Stard test_login_with_invalid_credential ... *********
10/08/2022 02:12:05 PM | INFO | Go to https://www.demo.guru99.com/V4/
10/08/2022 02:12:09 PM | INFO | enter valid userID
10/08/2022 02:12:09 PM | INFO | enter invalid password
10/08/2022 02:12:09 PM | INFO | click login button
10/08/2022 02:12:10 PM | INFO | Actual alert message is: User or Password is not valid
10/08/2022 02:12:10 PM | INFO | accepted alert message
10/08/2022 02:12:10 PM | INFO | Expected alert message is: User or Password is not valid123
10/08/2022 02:13:11 PM | INFO | ********* Stard test_login_with_invalid_credential ... *********
10/08/2022 02:13:11 PM | INFO | Go to https://www.demo.guru99.com/V4/
10/08/2022 02:13:15 PM | INFO | enter valid userID
10/08/2022 02:13:15 PM | INFO | enter invalid password
10/08/2022 02:13:15 PM | INFO | click login button
10/08/2022 02:13:16 PM | INFO | Actual alert message is: User or Password is not valid
10/08/2022 02:13:16 PM | INFO | accepted alert message
10/08/2022 02:13:16 PM | INFO | Expected alert message is: User or Password is not valid123
10/08/2022 02:13:17 PM | INFO | Test Case Failed.
10/08/2022 02:13:39 PM | INFO | ********* Stard test_login_with_invalid_credential ... *********
10/08/2022 02:13:39 PM | INFO | Go to https://www.demo.guru99.com/V4/
10/08/2022 02:13:43 PM | INFO | enter valid userID
10/08/2022 02:13:43 PM | INFO | enter invalid password
10/08/2022 02:13:43 PM | INFO | click login button
10/08/2022 02:13:44 PM | INFO | Actual alert message is: User or Password is not valid
10/08/2022 02:13:44 PM | INFO | accepted alert message
10/08/2022 02:13:44 PM | INFO | Expected alert message is: User or Password is not valid123
10/08/2022 02:14:35 PM | INFO | ********* Stard test_login_with_invalid_credential ... *********
10/08/2022 02:14:35 PM | INFO | Go to https://www.demo.guru99.com/V4/
10/08/2022 02:14:41 PM | INFO | enter valid userID
10/08/2022 02:14:41 PM | INFO | enter invalid password
10/08/2022 02:14:41 PM | INFO | click login button
10/08/2022 02:14:41 PM | INFO | Actual alert message is: User or Password is not valid
10/08/2022 02:14:41 PM | INFO | accepted alert message
10/08/2022 02:14:41 PM | INFO | Expected alert message is: User or Password is not valid123
10/08/2022 02:14:43 PM | INFO | Test Case Failed.
10/08/2022 02:17:31 PM | INFO | ********* Stard test_login_with_valid_credential ... *********
10/08/2022 02:17:31 PM | INFO | Go to https://www.demo.guru99.com/V4/
10/08/2022 02:17:35 PM | INFO | enter userID
10/08/2022 02:17:35 PM | INFO | enter Password
10/08/2022 02:17:35 PM | INFO | click login button
10/08/2022 02:17:37 PM | INFO | Actual page title is: Guru99 Bank Manager HomePage
10/08/2022 02:17:37 PM | INFO | Expected page title is: Guru99 Bank Manager HomePage login
10/08/2022 02:17:37 PM | ERROR | Test Case Failed.
10/08/2022 02:17:39 PM | INFO | ********* Stard test_login_with_invalid_credential ... *********
10/08/2022 02:17:39 PM | INFO | Go to https://www.demo.guru99.com/V4/
10/08/2022 02:17:43 PM | INFO | enter valid userID
10/08/2022 02:17:43 PM | INFO | enter invalid password
10/08/2022 02:17:43 PM | INFO | click login button
10/08/2022 02:17:43 PM | INFO | Actual alert message is: User or Password is not valid
10/08/2022 02:17:43 PM | INFO | accepted alert message
10/08/2022 02:17:43 PM | INFO | Expected alert message is: User or Password is not valid
10/08/2022 02:17:43 PM | INFO | Test Case Passed.
10/08/2022 02:18:22 PM | INFO | ********* Stard test_login_with_valid_credential ... *********
10/08/2022 02:18:22 PM | INFO | Go to https://www.demo.guru99.com/V4/
10/08/2022 02:18:25 PM | INFO | enter userID
10/08/2022 02:18:26 PM | INFO | enter Password
10/08/2022 02:18:26 PM | INFO | click login button
10/08/2022 02:18:27 PM | INFO | ********* Stard test_login_with_invalid_credential ... *********
10/08/2022 02:18:27 PM | INFO | Go to https://www.demo.guru99.com/V4/
10/08/2022 02:18:31 PM | INFO | enter valid userID
10/08/2022 02:18:31 PM | INFO | enter invalid password
10/08/2022 02:18:31 PM | INFO | click login button
10/08/2022 02:18:32 PM | INFO | Actual alert message is: User or Password is not valid
10/08/2022 02:18:32 PM | INFO | accepted alert message
10/08/2022 02:18:32 PM | INFO | Expected alert message is: User or Password is not valid
10/08/2022 02:18:32 PM | INFO | Test Case Passed.
10/08/2022 02:22:27 PM | INFO | ********* Stard test_login_with_valid_credential ... *********
10/08/2022 02:22:27 PM | INFO | Go to https://www.demo.guru99.com/V4/
10/08/2022 02:22:30 PM | INFO | enter userID
10/08/2022 02:22:31 PM | INFO | enter Password
10/08/2022 02:22:31 PM | INFO | click login button
10/08/2022 02:22:31 PM | INFO | Getting page title
10/08/2022 02:22:33 PM | INFO | ********* Stard test_login_with_invalid_credential ... *********
10/08/2022 02:22:33 PM | INFO | Go to https://www.demo.guru99.com/V4/
10/08/2022 02:22:38 PM | INFO | enter valid userID
10/08/2022 02:22:38 PM | INFO | enter invalid password
10/08/2022 02:22:38 PM | INFO | click login button
10/08/2022 02:22:38 PM | INFO | Actual alert message is: User or Password is not valid
10/08/2022 02:22:38 PM | INFO | accepted alert message
10/08/2022 02:22:38 PM | INFO | Expected alert message is: User or Password is not valid
10/08/2022 02:22:38 PM | INFO | Test Case Passed.
10/08/2022 02:59:02 PM | INFO | ********* Stard test_login_with_valid_credential ... *********
10/08/2022 02:59:02 PM | INFO | Go to https://www.demo.guru99.com/V4/
10/08/2022 02:59:24 PM | INFO | enter userID
10/08/2022 02:59:24 PM | INFO | enter Password
10/08/2022 02:59:24 PM | INFO | click login button
10/08/2022 02:59:25 PM | INFO | Getting page title
10/08/2022 02:59:25 PM | INFO | Actual page title is: 
10/08/2022 02:59:25 PM | INFO | Expected page title is: Guru99 Bank Manager HomePage
10/08/2022 02:59:28 PM | ERROR | Test Case Failed.
10/08/2022 02:59:29 PM | INFO | ********* Stard test_login_with_invalid_credential ... *********
10/08/2022 02:59:29 PM | INFO | Go to https://www.demo.guru99.com/V4/
10/08/2022 02:59:40 PM | INFO | enter valid userID
10/08/2022 02:59:40 PM | INFO | enter invalid password
10/08/2022 02:59:40 PM | INFO | click login button
10/08/2022 02:59:41 PM | INFO | Actual alert message is: User or Password is not valid
10/08/2022 02:59:41 PM | INFO | accepted alert message
10/08/2022 02:59:41 PM | INFO | Expected alert message is: User or Password is not valid
10/08/2022 02:59:41 PM | INFO | Test Case Passed.
10/08/2022 03:01:12 PM | INFO | ********* Stard test_login_with_valid_credential ... *********
10/08/2022 03:01:12 PM | INFO | Go to https://www.demo.guru99.com/V4/
10/08/2022 03:01:22 PM | INFO | enter userID
10/08/2022 03:01:22 PM | INFO | enter Password
10/08/2022 03:01:22 PM | INFO | click login button
10/08/2022 03:01:23 PM | INFO | Getting page title
10/08/2022 03:01:23 PM | INFO | Actual page title is: 
10/08/2022 03:01:23 PM | INFO | Expected page title is: Guru99 Bank Manager HomePage
10/08/2022 03:01:26 PM | ERROR | Test Case Failed.
10/08/2022 03:01:27 PM | INFO | ********* Stard test_login_with_invalid_credential ... *********
10/08/2022 03:01:27 PM | INFO | Go to https://www.demo.guru99.com/V4/
10/08/2022 03:01:38 PM | INFO | enter valid userID
10/08/2022 03:01:38 PM | INFO | enter invalid password
10/08/2022 03:01:38 PM | INFO | click login button
10/08/2022 03:01:38 PM | INFO | Actual alert message is: User or Password is not valid
10/08/2022 03:01:38 PM | INFO | accepted alert message
10/08/2022 03:01:38 PM | INFO | Expected alert message is: User or Password is not valid
10/08/2022 03:01:38 PM | INFO | Test Case Passed.
10/08/2022 03:02:05 PM | INFO | ********* Stard test_login_with_valid_credential ... *********
10/08/2022 03:02:05 PM | INFO | Go to https://www.demo.guru99.com/V4/
10/08/2022 03:02:12 PM | INFO | enter userID
10/08/2022 03:02:12 PM | INFO | enter Password
10/08/2022 03:02:12 PM | INFO | click login button
10/08/2022 03:02:13 PM | INFO | Getting page title
10/08/2022 03:02:13 PM | INFO | Actual page title is: 
10/08/2022 03:02:13 PM | INFO | Expected page title is: Guru99 Bank Manager HomePage
10/08/2022 03:02:15 PM | ERROR | Test Case Failed.
10/08/2022 03:02:16 PM | INFO | ********* Stard test_login_with_invalid_credential ... *********
10/08/2022 03:02:16 PM | INFO | Go to https://www.demo.guru99.com/V4/
10/08/2022 03:02:28 PM | INFO | enter valid userID
10/08/2022 03:02:28 PM | INFO | enter invalid password
10/08/2022 03:02:28 PM | INFO | click login button
10/08/2022 03:02:29 PM | INFO | Actual alert message is: User or Password is not valid
10/08/2022 03:02:29 PM | INFO | accepted alert message
10/08/2022 03:02:29 PM | INFO | Expected alert message is: User or Password is not valid
10/08/2022 03:02:29 PM | INFO | Test Case Passed.
10/08/2022 03:04:04 PM | INFO | ********* Stard test_login_with_valid_credential ... *********
10/08/2022 03:04:04 PM | INFO | Go to https://www.demo.guru99.com/V4/
10/08/2022 03:04:14 PM | INFO | enter userID
10/08/2022 03:04:14 PM | INFO | enter Password
10/08/2022 03:04:14 PM | INFO | click login button
10/08/2022 03:04:14 PM | INFO | Getting page title
10/08/2022 03:04:14 PM | INFO | Actual page title is: 
10/08/2022 03:04:14 PM | INFO | Expected page title is: Guru99 Bank Manager HomePage
10/08/2022 03:04:17 PM | ERROR | Test Case Failed.
10/08/2022 03:04:18 PM | INFO | ********* Stard test_login_with_invalid_credential ... *********
10/08/2022 03:04:18 PM | INFO | Go to https://www.demo.guru99.com/V4/
10/08/2022 03:04:29 PM | INFO | enter valid userID
10/08/2022 03:04:29 PM | INFO | enter invalid password
10/08/2022 03:04:29 PM | INFO | click login button
10/08/2022 03:04:30 PM | INFO | Actual alert message is: User or Password is not valid
10/08/2022 03:04:30 PM | INFO | accepted alert message
10/08/2022 03:04:30 PM | INFO | Expected alert message is: User or Password is not valid
10/08/2022 03:04:30 PM | INFO | Test Case Passed.
10/08/2022 03:07:04 PM | INFO | ********* Stard test_login_with_valid_credential ... *********
10/08/2022 03:07:04 PM | INFO | Go to https://www.demo.guru99.com/V4/
10/08/2022 03:07:10 PM | INFO | enter userID
10/08/2022 03:07:10 PM | INFO | enter Password
10/08/2022 03:07:10 PM | INFO | click login button
10/08/2022 03:07:11 PM | INFO | Getting page title
10/08/2022 03:07:11 PM | INFO | Actual page title is: 
10/08/2022 03:07:11 PM | INFO | Expected page title is: Guru99 Bank Manager HomePage
10/08/2022 03:07:14 PM | ERROR | Test Case Failed.
10/08/2022 03:07:15 PM | INFO | ********* Stard test_login_with_invalid_credential ... *********
10/08/2022 03:07:15 PM | INFO | Go to https://www.demo.guru99.com/V4/
10/08/2022 03:07:27 PM | INFO | enter valid userID
10/08/2022 03:07:27 PM | INFO | enter invalid password
10/08/2022 03:07:27 PM | INFO | click login button
10/08/2022 03:07:28 PM | INFO | Actual alert message is: User or Password is not valid
10/08/2022 03:07:28 PM | INFO | accepted alert message
10/08/2022 03:07:28 PM | INFO | Expected alert message is: User or Password is not valid
10/08/2022 03:07:28 PM | INFO | Test Case Passed.
10/08/2022 03:13:18 PM | INFO | ********* Stard test_login_with_valid_credential ... *********
10/08/2022 03:13:18 PM | INFO | Go to https://www.demo.guru99.com/V4/
10/08/2022 03:13:38 PM | INFO | enter userID
10/08/2022 03:13:38 PM | INFO | enter Password
10/08/2022 03:13:38 PM | INFO | click login button
10/08/2022 03:13:41 PM | INFO | Getting page title
10/08/2022 03:13:41 PM | INFO | Actual page title is: Guru99 Bank Manager HomePage
10/08/2022 03:13:41 PM | INFO | Expected page title is: Guru99 Bank Manager HomePage
10/08/2022 03:13:41 PM | INFO | Test Case Passed.
10/08/2022 03:13:42 PM | INFO | ********* Stard test_login_with_invalid_credential ... *********
10/08/2022 03:13:42 PM | INFO | Go to https://www.demo.guru99.com/V4/
10/08/2022 03:13:52 PM | INFO | enter valid userID
10/08/2022 03:13:53 PM | INFO | enter invalid password
10/08/2022 03:13:53 PM | INFO | click login button
10/08/2022 03:13:53 PM | INFO | Actual alert message is: User or Password is not valid
10/08/2022 03:13:53 PM | INFO | accepted alert message
10/08/2022 03:13:53 PM | INFO | Expected alert message is: User or Password is not valid
10/08/2022 03:13:53 PM | INFO | Test Case Passed.
10/08/2022 03:23:14 PM | INFO | ********* Stard test_login_with_valid_credential ... *********
10/08/2022 03:23:14 PM | INFO | Go to https://www.demo.guru99.com/V4/
10/08/2022 03:23:25 PM | INFO | enter userID
10/08/2022 03:23:25 PM | INFO | enter Password
10/08/2022 03:23:25 PM | INFO | click login button
10/08/2022 03:23:25 PM | INFO | Getting page title
10/08/2022 03:23:25 PM | INFO | Actual page title is: Guru99 Bank Home Page
10/08/2022 03:23:25 PM | INFO | Expected page title is: Guru99 Bank Manager HomePage
10/08/2022 03:23:25 PM | ERROR | Test Case Failed.
10/08/2022 03:23:26 PM | INFO | ********* Stard test_login_with_invalid_credential ... *********
10/08/2022 03:23:26 PM | INFO | Go to https://www.demo.guru99.com/V4/
10/08/2022 03:23:37 PM | INFO | enter valid userID
10/08/2022 03:23:37 PM | INFO | enter invalid password
10/08/2022 03:23:37 PM | INFO | click login button
10/08/2022 03:23:38 PM | INFO | Actual alert message is: User or Password is not valid
10/08/2022 03:23:38 PM | INFO | accepted alert message
10/08/2022 03:23:38 PM | INFO | Expected alert message is: User or Password is not valid
10/08/2022 03:23:38 PM | INFO | Test Case Passed.
10/09/2022 10:12:01 PM | INFO | ********* Stard test_login_with_valid_credential ... *********
10/09/2022 10:12:01 PM | INFO | Go to https://www.demo.guru99.com/V4/
10/09/2022 10:12:06 PM | INFO | enter userID
10/09/2022 10:12:06 PM | INFO | enter Password
10/09/2022 10:12:06 PM | INFO | click login button
10/09/2022 10:12:06 PM | INFO | Getting page title
10/09/2022 10:12:06 PM | INFO | Actual page title is: Guru99 Bank Home Page
10/09/2022 10:12:06 PM | INFO | Expected page title is: Guru99 Bank Manager HomePage
10/09/2022 10:12:06 PM | ERROR | Test Case Failed.
10/09/2022 10:12:07 PM | INFO | ********* Stard test_login_with_invalid_credential ... *********
10/09/2022 10:12:07 PM | INFO | Go to https://www.demo.guru99.com/V4/
10/09/2022 10:12:13 PM | INFO | enter valid userID
10/09/2022 10:12:13 PM | INFO | enter invalid password
10/09/2022 10:12:13 PM | INFO | click login button
10/09/2022 10:12:14 PM | INFO | Actual alert message is: User or Password is not valid
10/09/2022 10:12:14 PM | INFO | accepted alert message
10/09/2022 10:12:14 PM | INFO | Expected alert message is: User or Password is not valid
10/09/2022 10:12:14 PM | INFO | Test Case Passed.
10/09/2022 10:13:08 PM | INFO | ********* Stard test_login_with_valid_credential ... *********
10/09/2022 10:13:08 PM | INFO | Go to https://www.demo.guru99.com/V4/
10/09/2022 10:13:12 PM | INFO | enter userID
10/09/2022 10:13:12 PM | INFO | enter Password
10/09/2022 10:13:13 PM | INFO | click login button
10/09/2022 10:13:13 PM | INFO | Getting page title
10/09/2022 10:13:13 PM | INFO | Actual page title is: Guru99 Bank Home Page
10/09/2022 10:13:13 PM | INFO | Expected page title is: Guru99 Bank Manager HomePage
10/09/2022 10:13:13 PM | ERROR | Test Case Failed.
10/09/2022 10:13:14 PM | INFO | ********* Stard test_login_with_invalid_credential ... *********
10/09/2022 10:13:14 PM | INFO | Go to https://www.demo.guru99.com/V4/
10/09/2022 10:13:18 PM | INFO | enter valid userID
10/09/2022 10:13:18 PM | INFO | enter invalid password
10/09/2022 10:13:18 PM | INFO | click login button
10/09/2022 10:13:18 PM | INFO | Actual alert message is: User or Password is not valid
10/09/2022 10:13:18 PM | INFO | accepted alert message
10/09/2022 10:13:18 PM | INFO | Expected alert message is: User or Password is not valid
10/09/2022 10:13:18 PM | INFO | Test Case Passed.
10/09/2022 10:16:44 PM | INFO | ********* Stard test_login_with_valid_credential ... *********
10/09/2022 10:16:44 PM | INFO | Go to https://www.demo.guru99.com/V4/
10/09/2022 10:16:49 PM | INFO | enter userID
10/09/2022 10:16:49 PM | INFO | enter Password
10/09/2022 10:16:49 PM | INFO | click login button
10/09/2022 10:16:50 PM | INFO | Getting page title
10/09/2022 10:16:50 PM | INFO | Actual page title is: Guru99 Bank Home Page
10/09/2022 10:16:50 PM | INFO | Expected page title is: Guru99 Bank Manager HomePage
10/09/2022 10:16:50 PM | ERROR | Test Case Failed.
10/09/2022 10:16:51 PM | INFO | ********* Stard test_login_with_invalid_credential ... *********
10/09/2022 10:16:51 PM | INFO | Go to https://www.demo.guru99.com/V4/
10/09/2022 10:16:55 PM | INFO | enter valid userID
10/09/2022 10:16:55 PM | INFO | enter invalid password
10/09/2022 10:16:56 PM | INFO | click login button
10/09/2022 10:16:56 PM | INFO | Actual alert message is: User or Password is not valid
10/09/2022 10:16:56 PM | INFO | accepted alert message
10/09/2022 10:16:56 PM | INFO | Expected alert message is: User or Password is not valid
10/09/2022 10:16:56 PM | INFO | Test Case Passed.
10/09/2022 10:22:39 PM | INFO | ********* Stard test_login_with_valid_credential ... *********
10/09/2022 10:22:39 PM | INFO | Go to https://www.demo.guru99.com/V4/
10/09/2022 10:22:43 PM | INFO | enter userID
10/09/2022 10:22:44 PM | INFO | enter Password
10/09/2022 10:22:44 PM | INFO | click login button
10/09/2022 10:22:45 PM | INFO | Getting page title
10/09/2022 10:22:45 PM | INFO | Actual page title is: Guru99 Bank Manager HomePage
10/09/2022 10:22:45 PM | INFO | Expected page title is: Guru99 Bank Manager HomePage
10/09/2022 10:22:45 PM | INFO | Test Case Passed.
10/09/2022 10:22:46 PM | INFO | ********* Stard test_login_with_invalid_credential ... *********
10/09/2022 10:22:46 PM | INFO | Go to https://www.demo.guru99.com/V4/
10/09/2022 10:22:50 PM | INFO | enter valid userID
10/09/2022 10:22:50 PM | INFO | enter invalid password
10/09/2022 10:22:50 PM | INFO | click login button
10/09/2022 10:22:50 PM | INFO | Actual alert message is: User or Password is not valid
10/09/2022 10:22:50 PM | INFO | accepted alert message
10/09/2022 10:22:50 PM | INFO | Expected alert message is: User or Password is not valid
10/09/2022 10:22:50 PM | INFO | Test Case Passed.
10/09/2022 10:40:19 PM | INFO | ********* Stard test_login_with_valid_credential ... *********
10/09/2022 10:40:19 PM | INFO | Go to https://www.demo.guru99.com/V4/
10/09/2022 10:40:23 PM | INFO | enter userID
10/09/2022 10:40:23 PM | INFO | enter Password
10/09/2022 10:40:23 PM | INFO | click login button
10/09/2022 10:40:25 PM | INFO | Getting page title
10/09/2022 10:40:25 PM | INFO | Actual page title is: Guru99 Bank Manager HomePage
10/09/2022 10:40:25 PM | INFO | Expected page title is: Guru99 Bank Manager HomePage
10/09/2022 10:40:25 PM | INFO | Test Case Passed.
10/09/2022 10:42:38 PM | INFO | ********* Stard test_login_with_valid_credential ... *********
10/09/2022 10:42:38 PM | INFO | Go to https://www.demo.guru99.com/V4/
10/09/2022 10:42:43 PM | INFO | enter userID
10/09/2022 10:42:43 PM | INFO | enter Password
10/09/2022 10:42:43 PM | INFO | click login button
10/09/2022 10:42:43 PM | INFO | Getting page title
10/09/2022 10:42:43 PM | INFO | Actual page title is: Guru99 Bank Home Page
10/09/2022 10:42:43 PM | INFO | Expected page title is: Guru99 Bank Manager HomePage
10/09/2022 10:42:43 PM | ERROR | Test Case Failed.
10/09/2022 11:33:13 PM | INFO | ********* Stard test_login_with_valid_credential ... *********
10/09/2022 11:33:13 PM | INFO | Go to https://www.demo.guru99.com/V4/
10/09/2022 11:33:17 PM | INFO | enter userID
10/09/2022 11:33:17 PM | INFO | enter Password
10/09/2022 11:33:17 PM | INFO | click login button
10/09/2022 11:33:18 PM | INFO | Getting page title
10/09/2022 11:33:18 PM | INFO | Actual page title is: Guru99 Bank Manager HomePage
10/09/2022 11:33:18 PM | INFO | Expected page title is: Guru99 Bank Manager HomePage
10/09/2022 11:33:18 PM | INFO | Test Case Passed.
10/10/2022 12:03:41 AM | INFO | ********* Stard test_login_with_valid_credential ... *********
10/10/2022 12:03:41 AM | INFO | Go to https://www.demo.guru99.com/V4/
10/10/2022 12:03:45 AM | INFO | enter userID
10/10/2022 12:03:45 AM | INFO | enter Password
10/10/2022 12:03:45 AM | INFO | click login button
10/10/2022 12:03:46 AM | INFO | Getting page title
10/10/2022 12:03:46 AM | INFO | Actual page title is: Guru99 Bank Manager HomePage
10/10/2022 12:03:46 AM | INFO | Expected page title is: Guru99 Bank Manager HomePage
10/10/2022 12:03:46 AM | INFO | Test Case Passed.
10/10/2022 12:15:50 AM | INFO | ********* Stard test_login_with_valid_credential ... *********
10/10/2022 12:15:50 AM | INFO | Go to https://www.demo.guru99.com/V4/
10/10/2022 12:15:54 AM | INFO | enter userID
10/10/2022 12:15:54 AM | INFO | enter Password
10/10/2022 12:15:54 AM | INFO | click login button
10/10/2022 12:15:55 AM | INFO | Getting page title
10/10/2022 12:16:59 AM | INFO | ********* Stard test_login_with_valid_credential ... *********
10/10/2022 12:16:59 AM | INFO | Go to https://www.demo.guru99.com/V4/
10/10/2022 12:17:04 AM | INFO | enter userID
10/10/2022 12:17:04 AM | INFO | enter Password
10/10/2022 12:17:04 AM | INFO | click login button
10/10/2022 12:17:04 AM | INFO | Getting page title
10/10/2022 12:17:48 AM | INFO | ********* Stard test_login_with_valid_credential ... *********
10/10/2022 12:17:48 AM | INFO | Go to https://www.demo.guru99.com/V4/
10/10/2022 12:17:52 AM | INFO | enter userID
10/10/2022 12:17:52 AM | INFO | enter Password
10/10/2022 12:17:52 AM | INFO | click login button
10/10/2022 12:17:52 AM | INFO | Getting page title
10/10/2022 12:17:52 AM | INFO | Actual page title is: 
10/10/2022 12:17:52 AM | INFO | Expected page title is: Guru99 Bank Manager HomePage
10/10/2022 12:17:52 AM | ERROR | Test Case Failed.
10/10/2022 12:18:22 AM | INFO | ********* Stard test_login_with_valid_credential ... *********
10/10/2022 12:18:22 AM | INFO | Go to https://www.demo.guru99.com/V4/
10/10/2022 12:18:26 AM | INFO | enter userID
10/10/2022 12:18:26 AM | INFO | enter Password
10/10/2022 12:18:26 AM | INFO | click login button
10/10/2022 12:18:26 AM | INFO | Getting page title
10/10/2022 12:18:26 AM | INFO | Actual page title is: 
10/10/2022 12:18:26 AM | INFO | Expected page title is: Guru99 Bank Manager HomePage
10/10/2022 12:18:26 AM | ERROR | Test Case Failed.
10/10/2022 12:21:52 AM | INFO | ********* Stard test_login_with_valid_credential ... *********
10/10/2022 12:21:52 AM | INFO | Go to https://www.demo.guru99.com/V4/
10/10/2022 12:21:56 AM | INFO | enter userID
10/10/2022 12:21:56 AM | INFO | enter Password
10/10/2022 12:21:56 AM | INFO | click login button
10/10/2022 12:21:57 AM | INFO | Getting page title
10/10/2022 12:21:57 AM | INFO | Actual page title is: 
10/10/2022 12:21:57 AM | INFO | Expected page title is: Guru99 Bank Manager HomePage
10/10/2022 12:21:57 AM | ERROR | Test Case Failed.
10/10/2022 12:21:57 AM | INFO | enter userID
10/10/2022 12:21:58 AM | INFO | enter Password
10/10/2022 12:21:58 AM | INFO | click login button
10/10/2022 12:22:00 AM | INFO | Getting page title
10/10/2022 12:22:00 AM | INFO | Actual page title is: Guru99 Bank Manager HomePage
10/10/2022 12:22:00 AM | INFO | Expected page title is: Guru99 Bank Manager HomePage
10/10/2022 12:22:00 AM | INFO | Test Case Passed.
10/10/2022 12:22:00 AM | INFO | enter userID
10/10/2022 12:22:02 AM | INFO | enter Password
10/10/2022 12:22:02 AM | INFO | click login button
10/10/2022 12:22:02 AM | INFO | Getting page title
10/10/2022 12:22:02 AM | INFO | Actual page title is: 
10/10/2022 12:22:02 AM | INFO | Expected page title is: Guru99 Bank Manager HomePage
10/10/2022 12:22:02 AM | ERROR | Test Case Failed.
10/10/2022 12:22:02 AM | INFO | enter userID
10/10/2022 12:22:04 AM | INFO | enter Password
10/10/2022 12:22:04 AM | INFO | click login button
10/10/2022 12:22:05 AM | INFO | Getting page title
10/10/2022 12:22:05 AM | INFO | Actual page title is: 
10/10/2022 12:22:05 AM | INFO | Expected page title is: Guru99 Bank Manager HomePage
10/10/2022 12:22:05 AM | ERROR | Test Case Failed.
10/10/2022 12:22:05 AM | INFO | enter userID
10/10/2022 12:22:06 AM | INFO | enter Password
10/10/2022 12:22:06 AM | INFO | click login button
10/10/2022 12:22:06 AM | INFO | Getting page title
10/10/2022 12:22:06 AM | INFO | Actual page title is: 
10/10/2022 12:22:06 AM | INFO | Expected page title is: Guru99 Bank Manager HomePage
10/10/2022 12:22:06 AM | ERROR | Test Case Failed.
10/10/2022 12:22:06 AM | INFO | enter userID
10/10/2022 12:22:08 AM | INFO | enter Password
10/10/2022 12:22:08 AM | INFO | click login button
10/10/2022 12:22:08 AM | INFO | Getting page title
10/10/2022 12:22:08 AM | INFO | Actual page title is: 
10/10/2022 12:22:08 AM | INFO | Expected page title is: Guru99 Bank Manager HomePage
10/10/2022 12:22:08 AM | ERROR | Test Case Failed.
10/10/2022 12:22:08 AM | INFO | enter userID
10/10/2022 12:22:10 AM | INFO | enter Password
10/10/2022 12:22:10 AM | INFO | click login button
10/10/2022 12:22:10 AM | INFO | Getting page title
10/10/2022 12:22:10 AM | INFO | Actual page title is: 
10/10/2022 12:22:10 AM | INFO | Expected page title is: Guru99 Bank Manager HomePage
10/10/2022 12:22:10 AM | ERROR | Test Case Failed.
10/10/2022 12:22:10 AM | INFO | enter userID
10/10/2022 12:22:12 AM | INFO | enter Password
10/10/2022 12:22:12 AM | INFO | click login button
10/10/2022 12:22:12 AM | INFO | Getting page title
10/10/2022 12:22:12 AM | INFO | Actual page title is: 
10/10/2022 12:22:12 AM | INFO | Expected page title is: Guru99 Bank Manager HomePage
10/10/2022 12:22:12 AM | ERROR | Test Case Failed.
10/10/2022 12:30:22 AM | INFO | ********* Stard test_login_with_valid_credential ... *********
10/10/2022 12:30:22 AM | INFO | Go to https://www.demo.guru99.com/V4/
10/10/2022 12:30:26 AM | INFO | enter userID
10/10/2022 12:30:26 AM | INFO | enter Password
10/10/2022 12:30:26 AM | INFO | click login button
10/10/2022 12:30:27 AM | INFO | Getting page title
10/10/2022 12:30:27 AM | INFO | Actual page title is: 
10/10/2022 12:30:27 AM | INFO | Expected page title is: Guru99 Bank Manager HomePage
10/10/2022 12:30:27 AM | ERROR | Test Case Failed.
10/10/2022 12:30:27 AM | INFO | enter userID
10/10/2022 12:30:29 AM | INFO | enter Password
10/10/2022 12:30:29 AM | INFO | click login button
10/10/2022 12:30:31 AM | INFO | Getting page title
10/10/2022 12:30:31 AM | INFO | Actual page title is: Guru99 Bank Manager HomePage
10/10/2022 12:30:31 AM | INFO | Expected page title is: Guru99 Bank Manager HomePage
10/10/2022 12:30:31 AM | INFO | Test Case Passed.
10/10/2022 12:30:32 AM | INFO | enter userID
10/10/2022 12:30:33 AM | INFO | enter Password
10/10/2022 12:30:33 AM | INFO | click login button
10/10/2022 12:30:34 AM | INFO | Getting page title
10/10/2022 12:30:34 AM | INFO | Actual page title is: 
10/10/2022 12:30:34 AM | INFO | Expected page title is: Guru99 Bank Manager HomePage
10/10/2022 12:30:34 AM | ERROR | Test Case Failed.
10/10/2022 12:30:34 AM | INFO | enter userID
10/10/2022 12:30:36 AM | INFO | enter Password
10/10/2022 12:30:36 AM | INFO | click login button
10/10/2022 12:30:36 AM | INFO | Getting page title
10/10/2022 12:30:36 AM | INFO | Actual page title is: 
10/10/2022 12:30:36 AM | INFO | Expected page title is: Guru99 Bank Manager HomePage
10/10/2022 12:30:36 AM | ERROR | Test Case Failed.
10/10/2022 12:30:36 AM | INFO | enter userID
10/10/2022 12:30:38 AM | INFO | enter Password
10/10/2022 12:30:38 AM | INFO | click login button
10/10/2022 12:30:39 AM | INFO | Getting page title
10/10/2022 12:30:39 AM | INFO | Actual page title is: 
10/10/2022 12:30:39 AM | INFO | Expected page title is: Guru99 Bank Manager HomePage
10/10/2022 12:30:39 AM | ERROR | Test Case Failed.
10/10/2022 12:30:39 AM | INFO | enter userID
10/10/2022 12:30:41 AM | INFO | enter Password
10/10/2022 12:30:41 AM | INFO | click login button
10/10/2022 12:30:41 AM | INFO | Getting page title
10/10/2022 12:30:41 AM | INFO | Actual page title is: 
10/10/2022 12:30:41 AM | INFO | Expected page title is: Guru99 Bank Manager HomePage
10/10/2022 12:30:41 AM | ERROR | Test Case Failed.
10/10/2022 12:30:41 AM | INFO | enter userID
10/10/2022 12:30:43 AM | INFO | enter Password
10/10/2022 12:30:43 AM | INFO | click login button
10/10/2022 12:30:44 AM | INFO | Getting page title
10/10/2022 12:30:44 AM | INFO | Actual page title is: 
10/10/2022 12:30:44 AM | INFO | Expected page title is: Guru99 Bank Manager HomePage
10/10/2022 12:30:44 AM | ERROR | Test Case Failed.
10/10/2022 12:30:44 AM | INFO | enter userID
10/10/2022 12:30:45 AM | INFO | enter Password
10/10/2022 12:30:46 AM | INFO | click login button
10/10/2022 12:30:46 AM | INFO | Getting page title
10/10/2022 12:30:46 AM | INFO | Actual page title is: 
10/10/2022 12:30:46 AM | INFO | Expected page title is: Guru99 Bank Manager HomePage
10/10/2022 12:30:46 AM | ERROR | Test Case Failed.
